2025-03-17 16:57:59,895 - PythonServer - INFO - Initializing PythonServer
2025-03-17 16:57:59,895 - PythonServer - INFO - Root directory: /private/var/folders/cq/ckm5qlrs49qd1jp3c517gpzc0000gn
2025-03-17 16:57:59,895 - PythonServer - INFO - Storage directories created successfully
2025-03-17 16:57:59,895 - PythonServer - INFO - Pickle path: /private/var/folders/cq/ckm5qlrs49qd1jp3c517gpzc0000gn/storage/uploaded_data_store.pkl
2025-03-17 16:57:59,896 - PythonServer - INFO - Set up SIGINT and SIGTERM handlers for non-Windows
2025-03-17 16:57:59,896 - PythonServer - INFO - DataStore and Session initialized successfully
2025-03-17 16:57:59,896 - PythonServer - INFO - PythonServer initialization complete
2025-03-17 16:57:59,896 - PythonServer - INFO - Starting PythonServer main loop
2025-03-17 16:59:11,466 - PythonServer - INFO - Received signal 2. Initiating clean exit.
2025-03-17 16:59:11,468 - PythonServer - INFO - Performing clean exit
2025-03-17 16:59:11,470 - PythonServer - INFO - DataStore saved successfully
2025-03-17 16:59:11,470 - PythonServer - INFO - PythonServer main loop terminated
2025-03-17 18:45:12,922 - PythonServer - INFO - Initializing PythonServer
2025-03-17 18:45:12,923 - PythonServer - INFO - Root directory: /private/var/folders/cq/ckm5qlrs49qd1jp3c517gpzc0000gn
2025-03-17 18:45:12,923 - PythonServer - INFO - Storage directories created successfully
2025-03-17 18:45:12,923 - PythonServer - INFO - Pickle path: /private/var/folders/cq/ckm5qlrs49qd1jp3c517gpzc0000gn/storage/uploaded_data_store.pkl
2025-03-17 18:45:12,923 - PythonServer - INFO - Set up SIGINT and SIGTERM handlers for non-Windows
2025-03-17 18:45:12,923 - PythonServer - INFO - DataStore and Session initialized successfully
2025-03-17 18:45:12,923 - PythonServer - INFO - PythonServer initialization complete
2025-03-17 18:45:12,923 - PythonServer - INFO - Starting PythonServer main loop
2025-03-17 18:47:05,781 - PythonServer - INFO - Received signal 2. Initiating clean exit.
2025-03-17 18:47:05,785 - PythonServer - INFO - Performing clean exit
2025-03-17 18:47:05,787 - PythonServer - INFO - DataStore saved successfully
2025-03-17 18:47:05,788 - PythonServer - INFO - PythonServer main loop terminated
